<?xml version="1.0" encoding="UTF-8"?>
<testng-results skipped="0" failed="0" total="1" passed="1">
  <reporter-output>
  </reporter-output>
  <suite name="Default suite" duration-ms="37075" started-at="2019-07-16T08:23:39Z" finished-at="2019-07-16T08:24:16Z">
    <groups>
    </groups>
    <test name="Default test" duration-ms="37075" started-at="2019-07-16T08:23:39Z" finished-at="2019-07-16T08:24:16Z">
      <class name="Driver.reports">
        <test-method status="PASS" signature="beforeClass()[pri:0, instance:Driver.reports@5b275dab]" name="beforeClass" is-config="true" duration-ms="1170" started-at="2019-07-16T13:53:39Z" finished-at="2019-07-16T13:53:40Z">
          <reporter-output>
          </reporter-output>
        </test-method> <!-- beforeClass -->
        <test-method status="PASS" signature="f()[pri:0, instance:Driver.reports@5b275dab]" name="f" duration-ms="35274" started-at="2019-07-16T13:53:40Z" finished-at="2019-07-16T13:54:16Z">
          <reporter-output>
          </reporter-output>
        </test-method> <!-- f -->
        <test-method status="PASS" signature="afterClass()[pri:0, instance:Driver.reports@5b275dab]" name="afterClass" is-config="true" duration-ms="555" started-at="2019-07-16T13:54:16Z" finished-at="2019-07-16T13:54:16Z">
          <reporter-output>
          </reporter-output>
        </test-method> <!-- afterClass -->
      </class> <!-- Driver.reports -->
    </test> <!-- Default test -->
  </suite> <!-- Default suite -->
</testng-results>
